[Mon Jul 16 2018 03:19:04 GMT+0800 (CST)] INFO tools.js getAvailablePort success 9973
[Mon Jul 16 2018 03:19:04 GMT+0800 (CST)] ERROR vendorManager.js Error: ENOENT: no such file or directory, open '/home/nil/.config/微信web开发者工具/WeappVendor/version.json'
[Mon Jul 16 2018 03:19:04 GMT+0800 (CST)] INFO vendorManager.js begin init
[Mon Jul 16 2018 03:19:04 GMT+0800 (CST)] INFO vendorManager.js end init with config {"WAService.js":2017032800,"WAWebview.js":2017032800,"wcc":2017030300,"wcsc":2017030300,"hls.js":2017030300,"appVersion":"0.15.152900"}
[Mon Jul 16 2018 03:19:04 GMT+0800 (CST)] INFO Http proxy started at 127.0.0.1:9973
[Mon Jul 16 2018 03:19:04 GMT+0800 (CST)] ERROR setAppProxy.js getOsxSystemProxySetting : {"killed":false,"code":1,"signal":null,"cmd":"sh /opt/tencent/wechat_web_devtools/app/dist/common/proxy/getosxproxysetting.sh"}
[Mon Jul 16 2018 03:19:04 GMT+0800 (CST)] INFO setAppProxy.js makeProxyLocal url.indexOf('https://chrome-devtools-frontend.appspot.com/serve_rev/@180870/') === 0||url.indexOf('https://clients1.google.com/tbproxy/af/') === 0 || /^https?\:\/\/.*?\.debug.open.weixin.qq.com/.test(url) || /^https?\:\/\/.*?\.appservice.open.weixin.qq.com/.test(url) || /^https?\:\/\/wxfile.open.weixin.qq.com\//.test(url)
[Mon Jul 16 2018 03:19:04 GMT+0800 (CST)] INFO setAppProxy.js setChromeProxy config: {"mode":"pac_script","pacScript":{"data":"function FindProxyForURL(url, host) {\n                if (url.indexOf('https://chrome-devtools-frontend.appspot.com/serve_rev/@180870/') === 0||url.indexOf('https://clients1.google.com/tbproxy/af/') === 0 || /^https?\\:\\/\\/.*?\\.debug.open.weixin.qq.com/.test(url) || /^https?\\:\\/\\/.*?\\.appservice.open.weixin.qq.com/.test(url) || /^https?\\:\\/\\/wxfile.open.weixin.qq.com\\//.test(url)) {\n      return 'PROXY 127.0.0.1:9973'\n    }\n    \n                \n                return 'DIRECT'\n              }"}}
[Mon Jul 16 2018 03:19:04 GMT+0800 (CST)] ERROR setAppProxy.js set system error {"killed":false,"code":1,"signal":null,"cmd":"sh /opt/tencent/wechat_web_devtools/app/dist/common/proxy/getosxproxysetting.sh"}
[Mon Jul 16 2018 03:19:04 GMT+0800 (CST)] INFO init.js loadinit begin
[Mon Jul 16 2018 03:19:04 GMT+0800 (CST)] INFO tools.js getProxyForURL https://mp.weixin.qq.com from nw.App.getProxyForURL: DIRECT
[Mon Jul 16 2018 03:19:04 GMT+0800 (CST)] INFO index.js init proxy with 9973 success!!
[Mon Jul 16 2018 03:19:05 GMT+0800 (CST)] INFO init.js loadinit end: {"client_control_bytes":"00001111","cgi_list":[{"name":"wechat_login","url":"https:\/\/open.weixin.qq.com\/connect\/qrconnect?appid=wxde40e023744664cb&redirect_uri=https%3a%2f%2fmp.weixin.qq.com%2fdebug%2fcgi-bin%2fwebdebugger%2fqrcode&scope=snsapi_login&state=login#wechat_redirect"},{"name":"webdebugger_preverify","url":"https:\/\/mp.weixin.qq.com\/debug\/cgi-bin\/webdebugger\/preverify"},{"name":"webdebugger_geta8key","url":"https:\/\/mp.weixin.qq.com\/debug\/cgi-bin\/webdebugger\/geta8key"},{"name":"webdebugger_clientreport","url":"https:\/\/mp.weixin.qq.com\/debug\/cgi-bin\/webdebugger\/clientreport"},{"name":"webdebugger_download","url":"https:\/\/mp.weixin.qq.com\/debug\/cgi-bin\/webdebugger\/download"}],"client_list":[{"key":"last_version","value":"0.7.0"},{"key":"last_ide","value":"1.02.1803210"},{"key":"WAWebview.js","value":"2017041720"},{"key":"WAService.js","value":"2017041720"},{"key":"wcc","value":"2016122200"},{"key":"wcsc","value":"2016122100"},{"key":"scene","value":"{\"1001\":\"发现栏小程序主入口\",\"1005\":\"顶部搜索框的搜索结果页\",\"1006\":\"发现栏小程序主入口搜索框的搜索结果页\",\"1007\":\"单人聊天会话中的小程序消息卡片\",\"1008\":\"群聊会话中的小程序消息卡片\",\"1011\":\"扫描二维码\",\"1012\":\"长按图片识别二维码\",\"1013\":\"手机相册选取二维码\",\"1014\":\"小程序模版消息\",\"1017\":\"前往体验版的入口页\",\"1019\":\"微信钱包\",\"1020\":\"公众号profile页相关小程序列表\",\"1022\":\"聊天顶部置顶小程序入口\",\"1023\":\"安卓系统桌面图标\",\"1024\":\"小程序profile页\",\"1025\":\"扫描一维码\",\"1026\":\"附近小程序列表\",\"1028\":\"我的卡包\",\"1029\":\"卡券详情页\",\"1031\":\"长按图片识别一维码\",\"1032\":\"手机相册选取一维码\",\"1034\":\"微信支付完成页\",\"1035\":\"公众号自定义菜单\",\"1036\":\"App分享消息卡片\",\"1037\":\"从小程序进入\",\"1038\":\"从小程序返回\",\"1039\":\"摇电视\",\"1042\":\"添加好友搜索框的搜索结果页\",\"1043\":\"公众号模板消息\",\"1044\":\"带shareTicket的小程序消息卡片\",\"1047\":\"扫描小程序码\",\"1048\":\"长按图片识别小程序码\",\"1049\":\"手机相册选取小程序码\",\"1052\":\"卡券的适用门店列表\",\"1053\":\"搜一搜的结果页\",\"1056\":\"音乐播放器菜单\",\"1058\":\"公众号文章\",\"1059\":\"体验版小程序绑定邀请页\",\"1067\":\"公众号文章广告\",\"1068\":\"附近小程序列表广告\",\"1072\":\"二维码收款页面，打开小程序\",\"version\":20170721}"},{"key":"vendor","value":"{ \"version\": 1518158447397, \"url\": \"https:\/\/dldir1.qq.com\/WechatWebDev\/vendor\/config\/20180209.json\" }"},{"key":"last_api","value":"1.4.3.0"}],"notice_list":[]}
[Mon Jul 16 2018 03:19:05 GMT+0800 (CST)] INFO checkUp.js find new version 1.02.1803210 and current version is 0.15.152900
[Mon Jul 16 2018 03:19:05 GMT+0800 (CST)] INFO tools.js getProxyForURL https://github.com from nw.App.getProxyForURL: DIRECT
[Mon Jul 16 2018 03:19:05 GMT+0800 (CST)] INFO vendorManager.js begin get new WAService.js: https://github.com/yuan1994/wechat_web_devtools?os=win&type=WAService
[Mon Jul 16 2018 03:19:05 GMT+0800 (CST)] INFO vendorManager.js begin get new WAWebview.js: https://github.com/yuan1994/wechat_web_devtools?os=win&type=WAWebview
[Mon Jul 16 2018 03:19:05 GMT+0800 (CST)] INFO lunch.js init loginWebview
[Mon Jul 16 2018 03:19:07 GMT+0800 (CST)] INFO vendorManager.js end up WAWebview.js
[Mon Jul 16 2018 03:19:09 GMT+0800 (CST)] INFO vendorManager.js end up WAService.js
[Mon Jul 16 2018 03:19:12 GMT+0800 (CST)] ERROR filename: events.js, msg: Error: spawn x64_1.02.1803210.exe ENOENT
    at exports._errnoException (util.js:1036:11)
    at Process.ChildProcess._handle.onexit (internal/child_process.js:193:32)
    at onErrorNT (internal/child_process.js:359:16)
    at _combinedTickCallback (internal/process/next_tick.js:74:11)
    at process._tickCallback (internal/process/next_tick.js:98:9)
