VirtualBox XPCOM Server 5.2.16 r123759 linux.amd64 (Jul 16 2018 17:20:26) release log
00:00:00.000206 main     Log opened 2018-09-07T02:43:29.036602000Z
00:00:00.000208 main     Build Type: release
00:00:00.000211 main     OS Product: Linux
00:00:00.000212 main     OS Release: 4.14.65-gentoo
00:00:00.000212 main     OS Version: #1 SMP Mon Sep 3 11:02:17 CST 2018
00:00:00.000231 main     DMI Product Name: CN85S
00:00:00.000236 main     DMI Product Version: Not Applicable                  
00:00:00.000269 main     Host RAM: 7740MB (7.5GB) total, 6541MB (6.3GB) available
00:00:00.000272 main     Executable: /opt/VirtualBox/VBoxSVC
00:00:00.000273 main     Process ID: 13246
00:00:00.000273 main     Package type: LINUX_64BITS_GENERIC
00:00:00.001181 main     IPC socket path: /tmp/.vbox-nil-ipc/ipcd
00:00:00.103273 nspr-2   VirtualBox: object creation starts
00:00:00.103334 nspr-2   Home directory: '/home/nil/.config/VirtualBox'
00:00:00.103443 nspr-2   Loading settings file "/home/nil/.config/VirtualBox/VirtualBox.xml" with version "1.12-linux"
00:00:00.104415 nspr-2   USB: Unknown USB device detected (idVendor: 0x8087, idProduct: 0x0a2a)
00:00:00.104441 nspr-2   Successfully initialised host USB using sysfs
00:00:00.106693 nspr-2   NetIfAdpCtlOut: VBoxNetAdpCtl: Error while retrieving link speed for wlp4s0: VBoxNetAdpCtl: ioctl failed: Operation not supported
00:00:00.109306 nspr-2   NAT: resolv.conf: nameserver 192.168.1.1
00:00:00.109321 nspr-2   HostDnsMonitor: old information
00:00:00.109323 nspr-2     no server entries
00:00:00.109326 nspr-2     no domain set
00:00:00.109328 nspr-2     no search string entries
00:00:00.109329 nspr-2   HostDnsMonitor: new information
00:00:00.109331 nspr-2     server 1: 192.168.1.1
00:00:00.109333 nspr-2     no domain set
00:00:00.109334 nspr-2     no search string entries
00:00:00.109338 nspr-2   HostDnsMonitorProxy::notify
00:00:00.115967 nspr-2   VD: VDInit finished with VINF_SUCCESS
00:00:00.118871 nspr-2   Loading settings file "/home/nil/VirtualBox VMs/winnnnn7/winnnnn7.vbox" with version "1.15-linux"
00:00:00.120025 nspr-2   VirtualBox: object created
00:00:04.532552 nspr-2   Saving settings file "/home/nil/.config/VirtualBox/VirtualBox.xml" with version "1.12-linux"
00:00:04.719452 nspr-2   Saving settings file "/home/nil/.config/VirtualBox/VirtualBox.xml" with version "1.12-linux"
00:00:09.280875 nspr-6   Load [/opt/VirtualBox/ExtensionPacks/Oracle_VM_VirtualBox_Extension_Pack/linux.amd64/VBoxHostWebcam.so] rc VINF_SUCCESS
00:00:09.351688 nspr-6   ERROR [COM]: aRC=VBOX_E_IPRT_ERROR (0x80bb0005) aIID={85cd948e-a71f-4289-281e-0ca7ad48cd89} aComponent={SessionMachine} aText={Saved screenshot data is not available (VERR_NOT_SUPPORTED)}, preserve=false aResultDetail=0
00:00:09.370308 nspr-6   NetIfAdpCtlOut: VBoxNetAdpCtl: Error while retrieving link speed for wlp4s0: VBoxNetAdpCtl: ioctl failed: Operation not supported
00:18:13.362547 nspr-6   Saving settings file "/home/nil/VirtualBox VMs/winnnnn7/winnnnn7.vbox" with version "1.15-linux"
00:44:31.556713 nspr-3   Saving settings file "/home/nil/.config/VirtualBox/VirtualBox.xml" with version "1.12-linux"
00:44:31.746611 nspr-5   Saving settings file "/home/nil/.config/VirtualBox/VirtualBox.xml" with version "1.12-linux"
00:44:37.348155 main     VirtualBox: object deletion starts
00:44:37.348216 main     ERROR [COM]: aRC=VBOX_E_OBJECT_IN_USE (0x80bb000c) aIID={4afe423b-43e0-e9d0-82e8-ceb307940dda} aComponent={MediumWrap} aText={Medium '/home/nil/VirtualBox VMs/winnnnn7/winnnnn7.vdi' cannot be closed because it is still attached to 1 virtual machines}, preserve=false aResultDetail=0
00:44:37.825201 Watcher  ERROR [COM]: aRC=E_ACCESSDENIED (0x80070005) aIID={9570b9d5-f1a1-448a-10c5-e12f5285adad} aComponent={VirtualBoxWrap} aText={The object is not ready}, preserve=false aResultDetail=0
00:44:42.348942 main     {00007feb78019050} HostPowerServiceLinux::~HostPowerServiceLinux: RTThreadWait() for 5000 ms failed with VERR_TIMEOUT
00:44:42.349490 main     VirtualBox: object deleted
